2025-10-26T11:01:52.681-03:00  INFO 39788 --- [Lumina] [restartedMain] com.unibave.Lumina.LuminaApplication     : Starting LuminaApplication using Java 21.0.7 with PID 39788 (C:\Users\anton\OneDrive\Área de Trabalho\Repository\target\classes started by anton in C:\Users\anton\OneDrive\Área de Trabalho\Repository)
2025-10-26T11:01:52.688-03:00  INFO 39788 --- [Lumina] [restartedMain] com.unibave.Lumina.LuminaApplication     : No active profile set, falling back to 1 default profile: "default"
2025-10-26T11:01:52.874-03:00  INFO 39788 --- [Lumina] [restartedMain] o.s.b.devtools.restart.ChangeableUrls    : The Class-Path manifest attribute in C:\Users\anton\.m2\repository\io\github\cdimascio\java-dotenv\5.2.2\java-dotenv-5.2.2.jar referenced one or more files that do not exist: file:/C:/Users/anton/.m2/repository/io/github/cdimascio/java-dotenv/5.2.2/kotlin-stdlib-1.4.0.jar,file:/C:/Users/anton/.m2/repository/io/github/cdimascio/java-dotenv/5.2.2/kotlin-stdlib-common-1.4.0.jar,file:/C:/Users/anton/.m2/repository/io/github/cdimascio/java-dotenv/5.2.2/annotations-13.0.jar
2025-10-26T11:01:52.877-03:00  INFO 39788 --- [Lumina] [restartedMain] .e.DevToolsPropertyDefaultsPostProcessor : Devtools property defaults active! Set 'spring.devtools.add-properties' to 'false' to disable
2025-10-26T11:01:52.879-03:00  INFO 39788 --- [Lumina] [restartedMain] .e.DevToolsPropertyDefaultsPostProcessor : For additional web related logging consider setting the 'logging.level.web' property to 'DEBUG'
2025-10-26T11:01:56.180-03:00  INFO 39788 --- [Lumina] [restartedMain] .s.d.r.c.RepositoryConfigurationDelegate : Multiple Spring Data modules found, entering strict repository configuration mode
2025-10-26T11:01:56.188-03:00  INFO 39788 --- [Lumina] [restartedMain] .s.d.r.c.RepositoryConfigurationDelegate : Bootstrapping Spring Data JDBC repositories in DEFAULT mode.
2025-10-26T11:01:56.260-03:00  INFO 39788 --- [Lumina] [restartedMain] .RepositoryConfigurationExtensionSupport : Spring Data JDBC - Could not safely identify store assignment for repository candidate interface com.unibave.Lumina.repository.AgendamentoRepository; If you want this repository to be a JDBC repository, consider annotating your entities with one of these annotations: org.springframework.data.relational.core.mapping.Table.
2025-10-26T11:01:56.262-03:00  INFO 39788 --- [Lumina] [restartedMain] .RepositoryConfigurationExtensionSupport : Spring Data JDBC - Could not safely identify store assignment for repository candidate interface com.unibave.Lumina.repository.ArquivoRepository; If you want this repository to be a JDBC repository, consider annotating your entities with one of these annotations: org.springframework.data.relational.core.mapping.Table.
2025-10-26T11:01:56.262-03:00  INFO 39788 --- [Lumina] [restartedMain] .RepositoryConfigurationExtensionSupport : Spring Data JDBC - Could not safely identify store assignment for repository candidate interface com.unibave.Lumina.repository.EventoRepository; If you want this repository to be a JDBC repository, consider annotating your entities with one of these annotations: org.springframework.data.relational.core.mapping.Table.
2025-10-26T11:01:56.267-03:00  INFO 39788 --- [Lumina] [restartedMain] .RepositoryConfigurationExtensionSupport : Spring Data JDBC - Could not safely identify store assignment for repository candidate interface com.unibave.Lumina.repository.PacienteRepository; If you want this repository to be a JDBC repository, consider annotating your entities with one of these annotations: org.springframework.data.relational.core.mapping.Table.
2025-10-26T11:01:56.267-03:00  INFO 39788 --- [Lumina] [restartedMain] .RepositoryConfigurationExtensionSupport : Spring Data JDBC - Could not safely identify store assignment for repository candidate interface com.unibave.Lumina.repository.UsuarioRepository; If you want this repository to be a JDBC repository, consider annotating your entities with one of these annotations: org.springframework.data.relational.core.mapping.Table.
2025-10-26T11:01:56.270-03:00  INFO 39788 --- [Lumina] [restartedMain] .s.d.r.c.RepositoryConfigurationDelegate : Finished Spring Data repository scanning in 71 ms. Found 0 JDBC repository interfaces.
2025-10-26T11:01:56.332-03:00  INFO 39788 --- [Lumina] [restartedMain] .s.d.r.c.RepositoryConfigurationDelegate : Multiple Spring Data modules found, entering strict repository configuration mode
2025-10-26T11:01:56.334-03:00  INFO 39788 --- [Lumina] [restartedMain] .s.d.r.c.RepositoryConfigurationDelegate : Bootstrapping Spring Data JPA repositories in DEFAULT mode.
2025-10-26T11:01:56.969-03:00  INFO 39788 --- [Lumina] [restartedMain] .s.d.r.c.RepositoryConfigurationDelegate : Finished Spring Data repository scanning in 626 ms. Found 5 JPA repository interfaces.
2025-10-26T11:01:57.017-03:00  INFO 39788 --- [Lumina] [restartedMain] .s.d.r.c.RepositoryConfigurationDelegate : Multiple Spring Data modules found, entering strict repository configuration mode
2025-10-26T11:01:57.019-03:00  INFO 39788 --- [Lumina] [restartedMain] .s.d.r.c.RepositoryConfigurationDelegate : Bootstrapping Spring Data LDAP repositories in DEFAULT mode.
2025-10-26T11:01:57.041-03:00  INFO 39788 --- [Lumina] [restartedMain] .RepositoryConfigurationExtensionSupport : Spring Data LDAP - Could not safely identify store assignment for repository candidate interface com.unibave.Lumina.repository.AgendamentoRepository; If you want this repository to be a LDAP repository, consider annotating your entities with one of these annotations: org.springframework.ldap.odm.annotations.Entry (preferred), or consider extending one of the following types with your repository: org.springframework.data.ldap.repository.LdapRepository
2025-10-26T11:01:57.041-03:00  INFO 39788 --- [Lumina] [restartedMain] .RepositoryConfigurationExtensionSupport : Spring Data LDAP - Could not safely identify store assignment for repository candidate interface com.unibave.Lumina.repository.ArquivoRepository; If you want this repository to be a LDAP repository, consider annotating your entities with one of these annotations: org.springframework.ldap.odm.annotations.Entry (preferred), or consider extending one of the following types with your repository: org.springframework.data.ldap.repository.LdapRepository
2025-10-26T11:01:57.041-03:00  INFO 39788 --- [Lumina] [restartedMain] .RepositoryConfigurationExtensionSupport : Spring Data LDAP - Could not safely identify store assignment for repository candidate interface com.unibave.Lumina.repository.EventoRepository; If you want this repository to be a LDAP repository, consider annotating your entities with one of these annotations: org.springframework.ldap.odm.annotations.Entry (preferred), or consider extending one of the following types with your repository: org.springframework.data.ldap.repository.LdapRepository
2025-10-26T11:01:57.043-03:00  INFO 39788 --- [Lumina] [restartedMain] .RepositoryConfigurationExtensionSupport : Spring Data LDAP - Could not safely identify store assignment for repository candidate interface com.unibave.Lumina.repository.PacienteRepository; If you want this repository to be a LDAP repository, consider annotating your entities with one of these annotations: org.springframework.ldap.odm.annotations.Entry (preferred), or consider extending one of the following types with your repository: org.springframework.data.ldap.repository.LdapRepository
2025-10-26T11:01:57.043-03:00  INFO 39788 --- [Lumina] [restartedMain] .RepositoryConfigurationExtensionSupport : Spring Data LDAP - Could not safely identify store assignment for repository candidate interface com.unibave.Lumina.repository.UsuarioRepository; If you want this repository to be a LDAP repository, consider annotating your entities with one of these annotations: org.springframework.ldap.odm.annotations.Entry (preferred), or consider extending one of the following types with your repository: org.springframework.data.ldap.repository.LdapRepository
2025-10-26T11:01:57.043-03:00  INFO 39788 --- [Lumina] [restartedMain] .s.d.r.c.RepositoryConfigurationDelegate : Finished Spring Data repository scanning in 18 ms. Found 0 LDAP repository interfaces.
2025-10-26T11:01:58.443-03:00  INFO 39788 --- [Lumina] [restartedMain] o.s.b.w.embedded.tomcat.TomcatWebServer  : Tomcat initialized with port 8081 (http)
2025-10-26T11:01:58.476-03:00  INFO 39788 --- [Lumina] [restartedMain] o.apache.catalina.core.StandardService   : Starting service [Tomcat]
2025-10-26T11:01:58.477-03:00  INFO 39788 --- [Lumina] [restartedMain] o.apache.catalina.core.StandardEngine    : Starting Servlet engine: [Apache Tomcat/10.1.39]
2025-10-26T11:01:58.604-03:00  INFO 39788 --- [Lumina] [restartedMain] o.a.c.c.C.[Tomcat].[localhost].[/]       : Initializing Spring embedded WebApplicationContext
2025-10-26T11:01:58.606-03:00  INFO 39788 --- [Lumina] [restartedMain] w.s.c.ServletWebServerApplicationContext : Root WebApplicationContext: initialization completed in 5727 ms
2025-10-26T11:01:58.962-03:00  INFO 39788 --- [Lumina] [restartedMain] o.hibernate.jpa.internal.util.LogHelper  : HHH000204: Processing PersistenceUnitInfo [name: default]
2025-10-26T11:01:59.093-03:00  INFO 39788 --- [Lumina] [restartedMain] org.hibernate.Version                    : HHH000412: Hibernate ORM core version 6.6.11.Final
2025-10-26T11:01:59.158-03:00  INFO 39788 --- [Lumina] [restartedMain] o.h.c.internal.RegionFactoryInitiator    : HHH000026: Second-level cache disabled
2025-10-26T11:01:59.678-03:00  INFO 39788 --- [Lumina] [restartedMain] o.s.o.j.p.SpringPersistenceUnitInfo      : No LoadTimeWeaver setup: ignoring JPA class transformer
2025-10-26T11:01:59.728-03:00  INFO 39788 --- [Lumina] [restartedMain] com.zaxxer.hikari.HikariDataSource       : HikariPool-1 - Starting...
2025-10-26T11:02:00.246-03:00  INFO 39788 --- [Lumina] [restartedMain] com.zaxxer.hikari.pool.HikariPool        : HikariPool-1 - Added connection org.postgresql.jdbc.PgConnection@4468d7f7
2025-10-26T11:02:00.248-03:00  INFO 39788 --- [Lumina] [restartedMain] com.zaxxer.hikari.HikariDataSource       : HikariPool-1 - Start completed.
2025-10-26T11:02:00.448-03:00  INFO 39788 --- [Lumina] [restartedMain] org.hibernate.orm.connections.pooling    : HHH10001005: Database info:
	Database JDBC URL [Connecting through datasource 'HikariDataSource (HikariPool-1)']
	Database driver: undefined/unknown
	Database version: 17.4
	Autocommit mode: undefined/unknown
	Isolation level: undefined/unknown
	Minimum pool size: undefined/unknown
	Maximum pool size: undefined/unknown
2025-10-26T11:02:02.330-03:00  INFO 39788 --- [Lumina] [restartedMain] o.h.e.t.j.p.i.JtaPlatformInitiator       : HHH000489: No JTA platform available (set 'hibernate.transaction.jta.platform' to enable JTA platform integration)
2025-10-26T11:02:03.763-03:00  INFO 39788 --- [Lumina] [restartedMain] j.LocalContainerEntityManagerFactoryBean : Initialized JPA EntityManagerFactory for persistence unit 'default'
2025-10-26T11:02:04.878-03:00  WARN 39788 --- [Lumina] [restartedMain] JpaBaseConfiguration$JpaWebConfiguration : spring.jpa.open-in-view is enabled by default. Therefore, database queries may be performed during view rendering. Explicitly configure spring.jpa.open-in-view to disable this warning
2025-10-26T11:02:04.944-03:00  WARN 39788 --- [Lumina] [restartedMain] .s.s.UserDetailsServiceAutoConfiguration : 

Using generated security password: 334ad97b-57a3-485d-8899-34e000627365

This generated password is for development use only. Your security configuration must be updated before running your application in production.

2025-10-26T11:02:04.966-03:00  INFO 39788 --- [Lumina] [restartedMain] r$InitializeUserDetailsManagerConfigurer : Global AuthenticationManager configured with UserDetailsService bean with name inMemoryUserDetailsManager
2025-10-26T11:02:05.174-03:00 DEBUG 39788 --- [Lumina] [restartedMain] o.s.s.web.DefaultSecurityFilterChain     : Will secure any request with filters: DisableEncodeUrlFilter, WebAsyncManagerIntegrationFilter, SecurityContextHolderFilter, HeaderWriterFilter, LogoutFilter, RequestCacheAwareFilter, SecurityContextHolderAwareRequestFilter, AnonymousAuthenticationFilter, ExceptionTranslationFilter, AuthorizationFilter
2025-10-26T11:02:05.319-03:00  INFO 39788 --- [Lumina] [restartedMain] o.s.b.a.w.s.WelcomePageHandlerMapping    : Adding welcome page: class path resource [static/index.html]
2025-10-26T11:02:05.372-03:00  INFO 39788 --- [Lumina] [restartedMain] o.s.v.b.OptionalValidatorFactoryBean     : Failed to set up a Bean Validation provider: jakarta.validation.NoProviderFoundException: Unable to create a Configuration, because no Jakarta Bean Validation provider could be found. Add a provider like Hibernate Validator (RI) to your classpath.
2025-10-26T11:02:06.232-03:00  INFO 39788 --- [Lumina] [restartedMain] o.s.l.c.support.AbstractContextSource    : Property 'userDn' not set - anonymous context will be used for read-only operations
2025-10-26T11:02:06.412-03:00  INFO 39788 --- [Lumina] [restartedMain] o.s.b.d.a.OptionalLiveReloadServer       : LiveReload server is running on port 35729
2025-10-26T11:02:06.622-03:00  INFO 39788 --- [Lumina] [restartedMain] o.s.b.w.embedded.tomcat.TomcatWebServer  : Tomcat started on port 8081 (http) with context path '/'
2025-10-26T11:02:06.642-03:00  INFO 39788 --- [Lumina] [restartedMain] com.unibave.Lumina.LuminaApplication     : Started LuminaApplication in 15.312 seconds (process running for 19.192)
2025-10-26T11:02:43.162-03:00  INFO 39788 --- [Lumina] [http-nio-8081-exec-3] o.a.c.c.C.[Tomcat].[localhost].[/]       : Initializing Spring DispatcherServlet 'dispatcherServlet'
2025-10-26T11:02:43.164-03:00  INFO 39788 --- [Lumina] [http-nio-8081-exec-3] o.s.web.servlet.DispatcherServlet        : Initializing Servlet 'dispatcherServlet'
2025-10-26T11:02:43.165-03:00  INFO 39788 --- [Lumina] [http-nio-8081-exec-3] o.s.web.servlet.DispatcherServlet        : Completed initialization in 1 ms
2025-10-26T11:02:43.224-03:00 DEBUG 39788 --- [Lumina] [http-nio-8081-exec-3] o.s.security.web.FilterChainProxy        : Securing GET /swagger-ui/index.html
2025-10-26T11:02:43.250-03:00 DEBUG 39788 --- [Lumina] [http-nio-8081-exec-3] o.s.security.web.FilterChainProxy        : Secured GET /swagger-ui/index.html
2025-10-26T11:02:43.356-03:00 DEBUG 39788 --- [Lumina] [http-nio-8081-exec-3] o.s.s.w.a.AnonymousAuthenticationFilter  : Set SecurityContextHolder to anonymous SecurityContext
2025-10-26T11:02:43.418-03:00 DEBUG 39788 --- [Lumina] [http-nio-8081-exec-2] o.s.security.web.FilterChainProxy        : Securing GET /swagger-ui/swagger-ui-standalone-preset.js
2025-10-26T11:02:43.412-03:00 DEBUG 39788 --- [Lumina] [http-nio-8081-exec-4] o.s.security.web.FilterChainProxy        : Securing GET /swagger-ui/swagger-ui.css
2025-10-26T11:02:43.420-03:00 DEBUG 39788 --- [Lumina] [http-nio-8081-exec-2] o.s.security.web.FilterChainProxy        : Secured GET /swagger-ui/swagger-ui-standalone-preset.js
2025-10-26T11:02:43.420-03:00 DEBUG 39788 --- [Lumina] [http-nio-8081-exec-1] o.s.security.web.FilterChainProxy        : Securing GET /swagger-ui/swagger-ui-bundle.js
2025-10-26T11:02:43.420-03:00 DEBUG 39788 --- [Lumina] [http-nio-8081-exec-1] o.s.security.web.FilterChainProxy        : Secured GET /swagger-ui/swagger-ui-bundle.js
2025-10-26T11:02:43.420-03:00 DEBUG 39788 --- [Lumina] [http-nio-8081-exec-4] o.s.security.web.FilterChainProxy        : Secured GET /swagger-ui/swagger-ui.css
2025-10-26T11:02:43.426-03:00 DEBUG 39788 --- [Lumina] [http-nio-8081-exec-7] o.s.security.web.FilterChainProxy        : Securing GET /swagger-ui/swagger-initializer.js
2025-10-26T11:02:43.432-03:00 DEBUG 39788 --- [Lumina] [http-nio-8081-exec-2] o.s.s.w.a.AnonymousAuthenticationFilter  : Set SecurityContextHolder to anonymous SecurityContext
2025-10-26T11:02:43.428-03:00 DEBUG 39788 --- [Lumina] [http-nio-8081-exec-1] o.s.s.w.a.AnonymousAuthenticationFilter  : Set SecurityContextHolder to anonymous SecurityContext
2025-10-26T11:02:43.431-03:00 DEBUG 39788 --- [Lumina] [http-nio-8081-exec-8] o.s.security.web.FilterChainProxy        : Securing GET /swagger-ui/index.css
2025-10-26T11:02:43.432-03:00 DEBUG 39788 --- [Lumina] [http-nio-8081-exec-7] o.s.security.web.FilterChainProxy        : Secured GET /swagger-ui/swagger-initializer.js
2025-10-26T11:02:43.437-03:00 DEBUG 39788 --- [Lumina] [http-nio-8081-exec-8] o.s.security.web.FilterChainProxy        : Secured GET /swagger-ui/index.css
2025-10-26T11:02:43.450-03:00 DEBUG 39788 --- [Lumina] [http-nio-8081-exec-4] o.s.s.w.a.AnonymousAuthenticationFilter  : Set SecurityContextHolder to anonymous SecurityContext
2025-10-26T11:02:43.459-03:00 DEBUG 39788 --- [Lumina] [http-nio-8081-exec-8] o.s.s.w.a.AnonymousAuthenticationFilter  : Set SecurityContextHolder to anonymous SecurityContext
2025-10-26T11:02:43.562-03:00 DEBUG 39788 --- [Lumina] [http-nio-8081-exec-7] o.s.s.w.a.AnonymousAuthenticationFilter  : Set SecurityContextHolder to anonymous SecurityContext
2025-10-26T11:02:43.593-03:00 DEBUG 39788 --- [Lumina] [http-nio-8081-exec-5] o.s.security.web.FilterChainProxy        : Securing GET /v3/api-docs/swagger-config
2025-10-26T11:02:43.594-03:00 DEBUG 39788 --- [Lumina] [http-nio-8081-exec-5] o.s.security.web.FilterChainProxy        : Secured GET /v3/api-docs/swagger-config
2025-10-26T11:02:43.743-03:00 DEBUG 39788 --- [Lumina] [http-nio-8081-exec-5] o.s.s.w.a.AnonymousAuthenticationFilter  : Set SecurityContextHolder to anonymous SecurityContext
2025-10-26T11:02:43.756-03:00 DEBUG 39788 --- [Lumina] [http-nio-8081-exec-6] o.s.security.web.FilterChainProxy        : Securing GET /v3/api-docs
2025-10-26T11:02:43.757-03:00 DEBUG 39788 --- [Lumina] [http-nio-8081-exec-6] o.s.security.web.FilterChainProxy        : Secured GET /v3/api-docs
2025-10-26T11:02:48.256-03:00  INFO 39788 --- [Lumina] [http-nio-8081-exec-6] o.springdoc.api.AbstractOpenApiResource  : Init duration for springdoc-openapi is: 4459 ms
2025-10-26T11:02:48.336-03:00 DEBUG 39788 --- [Lumina] [http-nio-8081-exec-6] o.s.s.w.a.AnonymousAuthenticationFilter  : Set SecurityContextHolder to anonymous SecurityContext
2025-10-26T11:10:22.333-03:00  INFO 39788 --- [Lumina] [SpringApplicationShutdownHook] o.s.b.w.e.tomcat.GracefulShutdown        : Commencing graceful shutdown. Waiting for active requests to complete
2025-10-26T11:10:22.349-03:00  INFO 39788 --- [Lumina] [tomcat-shutdown] o.s.b.w.e.tomcat.GracefulShutdown        : Graceful shutdown complete
2025-10-26T11:10:22.473-03:00  INFO 39788 --- [Lumina] [SpringApplicationShutdownHook] j.LocalContainerEntityManagerFactoryBean : Closing JPA EntityManagerFactory for persistence unit 'default'
2025-10-26T11:10:22.473-03:00  INFO 39788 --- [Lumina] [SpringApplicationShutdownHook] com.zaxxer.hikari.HikariDataSource       : HikariPool-1 - Shutdown initiated...
2025-10-26T11:10:22.479-03:00  INFO 39788 --- [Lumina] [SpringApplicationShutdownHook] com.zaxxer.hikari.HikariDataSource       : HikariPool-1 - Shutdown completed.
